182 263 128
421 166 144
341 834 171
634 521 137
41 406 144
641 272 144
164 294 128
888 403 179
22 770 171
799 841 135
224 223 71
726 38 171
340 747 171
770 618 171
427 693 145
374 24 144
508 816 171
178 411 144
596 716 171
571 869 171
13 191 125
634 861 171
300 211 128
21 984 179
61 151 122
133 271 128
210 270 128
680 591 145
132 707 171
596 241 144
41 573 144
65 918 179
23 729 171
716 867 153
850 178 171
407 112 144
275 154 128
491 941 179
612 37 144
961 66 179
653 526 145
122 8 119
422 11 144
953 115 179
205 381 144
754 575 171
285 18 128
978 35 179
6 116 119
510 748 171
28 128 119
122 777 171
321 447 144
997 967 143
75 171 125
327 9 144
358 573 142
683 116 145
796 962 179
291 69 128
682 634 145
933 512 179
131 386 144
591 147 144
424 611 142
949 213 179
970 695 179
758 670 171
493 503 111
947 339 179
229 646 144
468 180 144
178 153 125
216 690 145
143 262 128
662 203 145
20 150 122
943 459 179
27 268 128
790 647 171
413 583 142
322 827 171
187 85 125
589 84 144
577 503 137
72 994 179
690 941 179
98 352 144
771 162 171
671 12 145
907 295 179
314 544 144
187 28 125
840 800 135
253 885 179
304 76 128
559 90 144
75 506 144
451 858 171
244 117 128
